# JRE version: Java(TM) SE Runtime Environment (21.0+35) (build 21+35-LTS-2513)
# Java VM: Java HotSpot(TM) 64-Bit Server VM (21+35-LTS-2513, mixed mode, sharing, tiered, compressed oops, compressed class ptrs, g1 gc, windows-amd64)
GC Precious Log:
 CardTable entry size: 512
 Card Set container configuration: InlinePtr #cards 4 size 8 Array Of Cards #cards 32 size 80 Howl #buckets 8 coarsen threshold 7372 Howl Bitmap #cards 1024 size 144 coarsen threshold 921 Card regions per heap region 1 cards per card region 8192
 CPUs: 8 total, 8 available
 Memory: 20369M
 Large Page Support: Disabled
 NUMA Support: Disabled
 Compressed Oops: Enabled (Zero based)
 Heap Region Size: 4M
 Heap Min Capacity: 8M
 Heap Initial Capacity: 320M
 Heap Max Capacity: 5096M
 Pre-touch: Disabled
 Parallel Workers: 8
 Concurrent Workers: 2
 Concurrent Refinement Workers: 8
 Periodic GC: Disabled
Heap:
 garbage-first heap   total 327680K, used 14736K [0x00000006c1800000, 0x0000000800000000)
  region size 4096K, 4 young (16384K), 1 survivors (4096K)
 Metaspace       used 6001K, committed 6208K, reserved 1114112K
  class space    used 415K, committed 512K, reserved 1048576K
GC Heap History (12 events):
Event: 1.259 GC heap before
{Heap before GC invocations=0 (full 0):
 garbage-first heap   total 327680K, used 20480K [0x00000006c1800000, 0x0000000800000000)
  region size 4096K, 5 young (20480K), 0 survivors (0K)
 Metaspace       used 4495K, committed 4672K, reserved 1114112K
  class space    used 267K, committed 384K, reserved 1048576K
}
Event: 1.263 GC heap after
{Heap after GC invocations=1 (full 0):
 garbage-first heap   total 327680K, used 2305K [0x00000006c1800000, 0x0000000800000000)
  region size 4096K, 1 young (4096K), 1 survivors (4096K)
 Metaspace       used 4495K, committed 4672K, reserved 1114112K
  class space    used 267K, committed 384K, reserved 1048576K
}
Event: 1.452 GC heap before
{Heap before GC invocations=1 (full 0):
 garbage-first heap   total 327680K, used 35073K [0x00000006c1800000, 0x0000000800000000)
  region size 4096K, 9 young (36864K), 1 survivors (4096K)
 Metaspace       used 4501K, committed 4672K, reserved 1114112K
  class space    used 267K, committed 384K, reserved 1048576K
}
Event: 1.455 GC heap after
{Heap after GC invocations=2 (full 0):
 garbage-first heap   total 327680K, used 2341K [0x00000006c1800000, 0x0000000800000000)
  region size 4096K, 1 young (4096K), 1 survivors (4096K)
 Metaspace       used 4501K, committed 4672K, reserved 1114112K
  class space    used 267K, committed 384K, reserved 1048576K
}
Event: 2.508 GC heap before
{Heap before GC invocations=2 (full 0):
 garbage-first heap   total 327680K, used 194853K [0x00000006c1800000, 0x0000000800000000)
  region size 4096K, 48 young (196608K), 1 survivors (4096K)
 Metaspace       used 4512K, committed 4672K, reserved 1114112K
  class space    used 267K, committed 384K, reserved 1048576K
}
Event: 2.511 GC heap after
{Heap after GC invocations=3 (full 0):
 garbage-first heap   total 327680K, used 2348K [0x00000006c1800000, 0x0000000800000000)
  region size 4096K, 1 young (4096K), 1 survivors (4096K)
 Metaspace       used 4512K, committed 4672K, reserved 1114112K
  class space    used 267K, committed 384K, reserved 1048576K
}
Event: 3.214 GC heap before
{Heap before GC invocations=3 (full 0):
 garbage-first heap   total 327680K, used 194860K [0x00000006c1800000, 0x0000000800000000)
  region size 4096K, 48 young (196608K), 1 survivors (4096K)
 Metaspace       used 4512K, committed 4672K, reserved 1114112K
  class space    used 267K, committed 384K, reserved 1048576K
}
Event: 3.217 GC heap after
{Heap after GC invocations=4 (full 0):
 garbage-first heap   total 327680K, used 2294K [0x00000006c1800000, 0x0000000800000000)
  region size 4096K, 1 young (4096K), 1 survivors (4096K)
 Metaspace       used 4512K, committed 4672K, reserved 1114112K
  class space    used 267K, committed 384K, reserved 1048576K
}
Event: 3.919 GC heap before
{Heap before GC invocations=4 (full 0):
 garbage-first heap   total 327680K, used 194806K [0x00000006c1800000, 0x0000000800000000)
  region size 4096K, 48 young (196608K), 1 survivors (4096K)
 Metaspace       used 4512K, committed 4672K, reserved 1114112K
  class space    used 267K, committed 384K, reserved 1048576K
}
Event: 3.922 GC heap after
{Heap after GC invocations=5 (full 0):
 garbage-first heap   total 327680K, used 2419K [0x00000006c1800000, 0x0000000800000000)
  region size 4096K, 1 young (4096K), 1 survivors (4096K)
 Metaspace       used 4512K, committed 4672K, reserved 1114112K
  class space    used 267K, committed 384K, reserved 1048576K
}
Event: 4.561 GC heap before
{Heap before GC invocations=5 (full 0):
 garbage-first heap   total 327680K, used 194931K [0x00000006c1800000, 0x0000000800000000)
  region size 4096K, 48 young (196608K), 1 survivors (4096K)
 Metaspace       used 4512K, committed 4672K, reserved 1114112K
  class space    used 267K, committed 384K, reserved 1048576K
}
Event: 4.564 GC heap after
{Heap after GC invocations=6 (full 0):
 garbage-first heap   total 327680K, used 2369K [0x00000006c1800000, 0x0000000800000000)
  region size 4096K, 1 young (4096K), 1 survivors (4096K)
 Metaspace       used 4512K, committed 4672K, reserved 1114112K
  class space    used 267K, committed 384K, reserved 1048576K
}

